2023-04-15 14:39:49 - Starting C:\Program Files (x86)\nodejs\node.exe  --harmony C:\Aly\api_server\node_modules\node-windows\lib\wrapper.js --file C:\Aly\api_server\WindowsService\www --scriptoptions= --log "alyDoorSignageAPIServer wrapper" --grow 0.25 --wait 1 --maxrestarts 3 --abortonerror n --stopparentfirst undefined
2023-04-15 14:39:49 - Started 14436
2023-04-17 03:37:37 - Stopping alydoorsignageapiserver.exe
2023-04-17 03:37:37 - ProcessKill 14436
2023-04-17 03:37:37 - Found child process: 3456 Name: conhost.exe
2023-04-17 03:37:37 - Found child process: 13920 Name: node.exe
2023-04-17 03:37:38 - Stopping process 3456
2023-04-17 03:37:38 - Send SIGINT 3456
2023-04-17 03:37:38 - SIGINT to 3456 failed - Killing as fallback
2023-04-17 03:37:38 - Stopping process 13920
2023-04-17 03:37:38 - Send SIGINT 13920
2023-04-17 03:37:38 - SIGINT to 13920 failed - Killing as fallback
2023-04-17 03:37:38 - Stopping process 14436
2023-04-17 03:37:38 - Send SIGINT 14436
2023-04-17 03:37:38 - SIGINT to 14436 failed - Killing as fallback
2023-04-17 03:37:38 - Finished alydoorsignageapiserver.exe
2023-04-17 03:37:44 - Starting C:\Program Files (x86)\nodejs\node.exe  --harmony C:\Aly\api_server\node_modules\node-windows\lib\wrapper.js --file C:\Aly\api_server\WindowsService\www --scriptoptions= --log "alyDoorSignageAPIServer wrapper" --grow 0.25 --wait 1 --maxrestarts 3 --abortonerror n --stopparentfirst undefined
2023-04-17 03:37:44 - Started 11928
2023-04-17 16:49:57 - Stopping alydoorsignageapiserver.exe
2023-04-17 16:49:57 - ProcessKill 11928
2023-04-17 16:49:58 - Found child process: 12320 Name: conhost.exe
2023-04-17 16:49:58 - Found child process: 18132 Name: node.exe
2023-04-17 16:49:58 - Stopping process 12320
2023-04-17 16:49:58 - Send SIGINT 12320
2023-04-17 16:49:58 - SIGINT to 12320 failed - Killing as fallback
2023-04-17 16:49:58 - Stopping process 18132
2023-04-17 16:49:58 - Send SIGINT 18132
2023-04-17 16:49:58 - SIGINT to 18132 failed - Killing as fallback
2023-04-17 16:49:58 - Stopping process 11928
2023-04-17 16:49:58 - Send SIGINT 11928
2023-04-17 16:49:58 - SIGINT to 11928 failed - Killing as fallback
2023-04-17 16:49:58 - Finished alydoorsignageapiserver.exe
2023-04-17 16:50:13 - Starting C:\Program Files (x86)\nodejs\node.exe  --harmony C:\Aly\api_server\node_modules\node-windows\lib\wrapper.js --file C:\Aly\api_server\WindowsService\www --scriptoptions= --log "alyDoorSignageAPIServer wrapper" --grow 0.25 --wait 1 --maxrestarts 3 --abortonerror n --stopparentfirst undefined
2023-04-17 16:50:13 - Started 18556
2023-04-17 16:55:46 - Stopping alydoorsignageapiserver.exe
2023-04-17 16:55:46 - ProcessKill 18556
2023-04-17 16:55:46 - Found child process: 6344 Name: conhost.exe
2023-04-17 16:55:46 - Found child process: 19096 Name: node.exe
2023-04-17 16:55:46 - Stopping process 6344
2023-04-17 16:55:46 - Send SIGINT 6344
2023-04-17 16:55:46 - SIGINT to 6344 failed - Killing as fallback
2023-04-17 16:55:46 - Stopping process 19096
2023-04-17 16:55:46 - Send SIGINT 19096
2023-04-17 16:55:46 - SIGINT to 19096 failed - Killing as fallback
2023-04-17 16:55:46 - Stopping process 18556
2023-04-17 16:55:46 - Send SIGINT 18556
2023-04-17 16:55:46 - SIGINT to 18556 failed - Killing as fallback
2023-04-17 16:55:46 - Finished alydoorsignageapiserver.exe
2023-04-17 16:55:47 - Starting C:\Program Files (x86)\nodejs\node.exe  --harmony C:\Aly\api_server\node_modules\node-windows\lib\wrapper.js --file C:\Aly\api_server\WindowsService\www --scriptoptions= --log "alyDoorSignageAPIServer wrapper" --grow 0.25 --wait 1 --maxrestarts 3 --abortonerror n --stopparentfirst undefined
2023-04-17 16:55:47 - Started 14700
2023-04-18 17:22:09 - Stopping alydoorsignageapiserver.exe
2023-04-18 17:22:09 - ProcessKill 14700
2023-04-18 17:22:10 - Found child process: 18716 Name: conhost.exe
2023-04-18 17:22:10 - Found child process: 15992 Name: node.exe
2023-04-18 17:22:10 - Stopping process 18716
2023-04-18 17:22:10 - Send SIGINT 18716
2023-04-18 17:22:10 - SIGINT to 18716 failed - Killing as fallback
2023-04-18 17:22:10 - Stopping process 15992
2023-04-18 17:22:10 - Send SIGINT 15992
2023-04-18 17:22:10 - SIGINT to 15992 failed - Killing as fallback
2023-04-18 17:22:10 - Stopping process 14700
2023-04-18 17:22:10 - Send SIGINT 14700
2023-04-18 17:22:10 - SIGINT to 14700 failed - Killing as fallback
2023-04-18 17:22:10 - Finished alydoorsignageapiserver.exe
2023-04-18 17:22:11 - Starting C:\Program Files (x86)\nodejs\node.exe  --harmony C:\Aly\api_server\node_modules\node-windows\lib\wrapper.js --file C:\Aly\api_server\WindowsService\www --scriptoptions= --log "alyDoorSignageAPIServer wrapper" --grow 0.25 --wait 1 --maxrestarts 3 --abortonerror n --stopparentfirst undefined
2023-04-18 17:22:11 - Started 18684
2023-04-19 16:44:06 - Stopping alydoorsignageapiserver.exe
2023-04-19 16:44:06 - ProcessKill 18684
2023-04-19 16:44:06 - Found child process: 20648 Name: conhost.exe
2023-04-19 16:44:06 - Found child process: 20584 Name: node.exe
2023-04-19 16:44:06 - Stopping process 20648
2023-04-19 16:44:06 - Send SIGINT 20648
2023-04-19 16:44:06 - SIGINT to 20648 failed - Killing as fallback
2023-04-19 16:44:06 - Stopping process 20584
2023-04-19 16:44:06 - Send SIGINT 20584
2023-04-19 16:44:06 - SIGINT to 20584 failed - Killing as fallback
2023-04-19 16:44:06 - Stopping process 18684
2023-04-19 16:44:06 - Send SIGINT 18684
2023-04-19 16:44:06 - SIGINT to 18684 failed - Killing as fallback
2023-04-19 16:44:06 - Finished alydoorsignageapiserver.exe
2023-04-19 16:44:07 - Starting C:\Program Files (x86)\nodejs\node.exe  --harmony C:\Aly\api_server\node_modules\node-windows\lib\wrapper.js --file C:\Aly\api_server\WindowsService\www --scriptoptions= --log "alyDoorSignageAPIServer wrapper" --grow 0.25 --wait 1 --maxrestarts 3 --abortonerror n --stopparentfirst undefined
2023-04-19 16:44:07 - Started 20032
2023-04-19 18:08:33 - Stopping alydoorsignageapiserver.exe
2023-04-19 18:08:33 - ProcessKill 20032
2023-04-19 18:08:33 - Found child process: 11928 Name: conhost.exe
2023-04-19 18:08:33 - Found child process: 18584 Name: node.exe
2023-04-19 18:08:33 - Stopping process 11928
2023-04-19 18:08:33 - Send SIGINT 11928
2023-04-19 18:08:33 - SIGINT to 11928 failed - Killing as fallback
2023-04-19 18:08:34 - Stopping process 18584
2023-04-19 18:08:34 - Send SIGINT 18584
2023-04-19 18:08:34 - SIGINT to 18584 failed - Killing as fallback
2023-04-19 18:08:34 - Stopping process 20032
2023-04-19 18:08:34 - Send SIGINT 20032
2023-04-19 18:08:34 - SIGINT to 20032 failed - Killing as fallback
2023-04-19 18:08:34 - Finished alydoorsignageapiserver.exe
2023-04-19 18:08:35 - Starting C:\Program Files (x86)\nodejs\node.exe  --harmony C:\Aly\api_server\node_modules\node-windows\lib\wrapper.js --file C:\Aly\api_server\WindowsService\www --scriptoptions= --log "alyDoorSignageAPIServer wrapper" --grow 0.25 --wait 1 --maxrestarts 3 --abortonerror n --stopparentfirst undefined
2023-04-19 18:08:35 - Started 16204
2023-04-27 12:57:35 - Stopping alydoorsignageapiserver.exe
2023-04-27 12:57:35 - ProcessKill 16204
2023-04-27 12:57:37 - Shutdown exception
Message:The remote procedure call failed. (Exception from HRESULT: 0x800706BE)
Stacktrace:   at System.Runtime.InteropServices.Marshal.ThrowExceptionForHRInternal(Int32 errorCode, IntPtr errorInfo)
   at System.Management.ManagementObjectCollection.ManagementObjectEnumerator.MoveNext()
   at winsw.WrapperService.GetChildPids(Int32 pid)
   at winsw.WrapperService.StopProcessAndChildren(Int32 pid)
   at winsw.WrapperService.StopIt()
   at winsw.WrapperService.OnShutdown()
2023-04-27 17:46:52 - Starting C:\Program Files (x86)\nodejs\node.exe  --harmony C:\Aly\api_server\node_modules\node-windows\lib\wrapper.js --file C:\Aly\api_server\WindowsService\www --scriptoptions= --log "alyDoorSignageAPIServer wrapper" --grow 0.25 --wait 1 --maxrestarts 3 --abortonerror n --stopparentfirst undefined
2023-04-27 17:46:52 - Started 7336
