2023-02-06 09:59:16 - Starting C:\Program Files\nodejs\node.exe  --harmony E:\Aly\api_server\node_modules\node-windows\lib\wrapper.js --file E:\Aly\api_server\bin\www --scriptoptions= --log "nodeDoorSignageServer wrapper" --grow 0.25 --wait 1 --maxrestarts 3 --abortonerror n --stopparentfirst undefined
2023-02-06 09:59:16 - Started 20196
2023-02-06 10:31:48 - Stopping nodedoorsignageserver.exe
2023-02-06 10:31:48 - ProcessKill 20196
2023-02-06 10:31:49 - Found child process: 20328 Name: conhost.exe
2023-02-06 10:31:49 - Found child process: 19800 Name: node.exe
2023-02-06 10:31:50 - Stopping process 20328
2023-02-06 10:31:50 - Send SIGINT 20328
2023-02-06 10:31:50 - SIGINT to 20328 failed - Killing as fallback
2023-02-06 10:31:51 - Stopping process 19800
2023-02-06 10:31:51 - Send SIGINT 19800
2023-02-06 10:31:51 - SIGINT to 19800 failed - Killing as fallback
2023-02-06 10:31:51 - Stopping process 20196
2023-02-06 10:31:51 - Send SIGINT 20196
2023-02-06 10:31:51 - SIGINT to 20196 failed - Killing as fallback
2023-02-06 10:31:51 - Finished nodedoorsignageserver.exe
2023-02-06 10:31:52 - Starting C:\Program Files\nodejs\node.exe  --harmony E:\Aly\api_server\node_modules\node-windows\lib\wrapper.js --file E:\Aly\api_server\bin\www --scriptoptions= --log "nodeDoorSignageServer wrapper" --grow 0.25 --wait 1 --maxrestarts 3 --abortonerror n --stopparentfirst undefined
2023-02-06 10:31:52 - Started 26824
2023-02-06 10:32:19 - Stopping nodedoorsignageserver.exe
2023-02-06 10:32:19 - ProcessKill 26824
2023-02-06 10:32:20 - Found child process: 26740 Name: conhost.exe
2023-02-06 10:32:20 - Found child process: 26640 Name: node.exe
2023-02-06 10:32:21 - Stopping process 26740
2023-02-06 10:32:21 - Send SIGINT 26740
2023-02-06 10:32:21 - SIGINT to 26740 failed - Killing as fallback
2023-02-06 10:32:22 - Stopping process 26640
2023-02-06 10:32:22 - Send SIGINT 26640
2023-02-06 10:32:22 - SIGINT to 26640 failed - Killing as fallback
2023-02-06 10:32:22 - Stopping process 26824
2023-02-06 10:32:22 - Send SIGINT 26824
2023-02-06 10:32:22 - SIGINT to 26824 failed - Killing as fallback
2023-02-06 10:32:22 - Finished nodedoorsignageserver.exe
2023-02-06 10:32:24 - Starting C:\Program Files\nodejs\node.exe  --harmony E:\Aly\api_server\node_modules\node-windows\lib\wrapper.js --file E:\Aly\api_server\bin\www --scriptoptions= --log "nodeDoorSignageServer wrapper" --grow 0.25 --wait 1 --maxrestarts 3 --abortonerror n --stopparentfirst undefined
2023-02-06 10:32:24 - Started 26860
2023-02-06 10:54:47 - Stopping nodedoorsignageserver.exe
2023-02-06 10:54:47 - ProcessKill 26860
2023-02-06 10:54:48 - Found child process: 26048 Name: conhost.exe
2023-02-06 10:54:48 - Found child process: 13492 Name: node.exe
2023-02-06 10:54:49 - Stopping process 26048
2023-02-06 10:54:49 - Send SIGINT 26048
2023-02-06 10:54:49 - SIGINT to 26048 failed - Killing as fallback
2023-02-06 10:54:50 - Stopping process 13492
2023-02-06 10:54:50 - Send SIGINT 13492
2023-02-06 10:54:50 - SIGINT to 13492 failed - Killing as fallback
2023-02-06 10:54:50 - Stopping process 26860
2023-02-06 10:54:50 - Send SIGINT 26860
2023-02-06 10:54:50 - SIGINT to 26860 failed - Killing as fallback
2023-02-06 10:54:50 - Finished nodedoorsignageserver.exe
2023-02-06 10:54:51 - Starting C:\Program Files\nodejs\node.exe  --harmony E:\Aly\api_server\node_modules\node-windows\lib\wrapper.js --file E:\Aly\api_server\bin\www --scriptoptions= --log "nodeDoorSignageServer wrapper" --grow 0.25 --wait 1 --maxrestarts 3 --abortonerror n --stopparentfirst undefined
2023-02-06 10:54:51 - Started 14700
2023-02-06 11:03:20 - Stopping nodedoorsignageserver.exe
2023-02-06 11:03:20 - ProcessKill 14700
2023-02-06 11:03:22 - Found child process: 31240 Name: conhost.exe
2023-02-06 11:03:22 - Found child process: 26632 Name: node.exe
2023-02-06 11:03:24 - Stopping process 31240
2023-02-06 11:03:24 - Send SIGINT 31240
2023-02-06 11:03:24 - SIGINT to 31240 failed - Killing as fallback
2023-02-06 11:03:25 - Stopping process 26632
2023-02-06 11:03:25 - Send SIGINT 26632
2023-02-06 11:03:25 - SIGINT to 26632 failed - Killing as fallback
2023-02-06 11:03:25 - Stopping process 14700
2023-02-06 11:03:25 - Send SIGINT 14700
2023-02-06 11:03:25 - SIGINT to 14700 failed - Killing as fallback
2023-02-06 11:03:25 - Finished nodedoorsignageserver.exe
2023-02-06 11:03:27 - Starting C:\Program Files\nodejs\node.exe  --harmony E:\Aly\api_server\node_modules\node-windows\lib\wrapper.js --file E:\Aly\api_server\bin\www --scriptoptions= --log "nodeDoorSignageServer wrapper" --grow 0.25 --wait 1 --maxrestarts 3 --abortonerror n --stopparentfirst undefined
2023-02-06 11:03:27 - Started 31928
2023-02-06 11:04:33 - Stopping nodedoorsignageserver.exe
2023-02-06 11:04:33 - ProcessKill 31928
2023-02-06 11:04:35 - Found child process: 31940 Name: conhost.exe
2023-02-06 11:04:35 - Found child process: 32040 Name: node.exe
2023-02-06 11:04:36 - Stopping process 31940
2023-02-06 11:04:36 - Send SIGINT 31940
2023-02-06 11:04:36 - SIGINT to 31940 failed - Killing as fallback
2023-02-06 11:04:38 - Stopping process 32040
2023-02-06 11:04:38 - Send SIGINT 32040
2023-02-06 11:04:38 - SIGINT to 32040 failed - Killing as fallback
2023-02-06 11:04:38 - Stopping process 31928
2023-02-06 11:04:38 - Send SIGINT 31928
2023-02-06 11:04:38 - SIGINT to 31928 failed - Killing as fallback
2023-02-06 11:04:38 - Finished nodedoorsignageserver.exe
2023-02-06 11:04:40 - Starting C:\Program Files\nodejs\node.exe  --harmony E:\Aly\api_server\node_modules\node-windows\lib\wrapper.js --file E:\Aly\api_server\bin\www --scriptoptions= --log "nodeDoorSignageServer wrapper" --grow 0.25 --wait 1 --maxrestarts 3 --abortonerror n --stopparentfirst undefined
2023-02-06 11:04:40 - Started 32456
2023-02-06 11:07:09 - Stopping nodedoorsignageserver.exe
2023-02-06 11:07:09 - ProcessKill 32456
2023-02-06 11:07:12 - Found child process: 32300 Name: conhost.exe
2023-02-06 11:07:12 - Found child process: 30896 Name: node.exe
2023-02-06 11:07:14 - Stopping process 32300
2023-02-06 11:07:14 - Send SIGINT 32300
2023-02-06 11:07:14 - SIGINT to 32300 failed - Killing as fallback
2023-02-06 11:07:16 - Stopping process 30896
2023-02-06 11:07:16 - Send SIGINT 30896
2023-02-06 11:07:16 - SIGINT to 30896 failed - Killing as fallback
2023-02-06 11:07:16 - Stopping process 32456
2023-02-06 11:07:16 - Send SIGINT 32456
2023-02-06 11:07:16 - SIGINT to 32456 failed - Killing as fallback
2023-02-06 11:07:16 - Finished nodedoorsignageserver.exe
2023-02-06 11:07:17 - Starting C:\Program Files\nodejs\node.exe  --harmony E:\Aly\api_server\node_modules\node-windows\lib\wrapper.js --file E:\Aly\api_server\bin\www --scriptoptions= --log "nodeDoorSignageServer wrapper" --grow 0.25 --wait 1 --maxrestarts 3 --abortonerror n --stopparentfirst undefined
2023-02-06 11:07:17 - Started 32188
2023-02-06 12:01:11 - Stopping nodedoorsignageserver.exe
2023-02-06 12:01:11 - ProcessKill 32188
2023-02-06 12:01:12 - Found child process: 32104 Name: conhost.exe
2023-02-06 12:01:12 - Found child process: 24296 Name: node.exe
2023-02-06 12:01:14 - Stopping process 32104
2023-02-06 12:01:14 - Send SIGINT 32104
2023-02-06 12:01:14 - SIGINT to 32104 failed - Killing as fallback
2023-02-06 12:01:15 - Stopping process 24296
2023-02-06 12:01:15 - Send SIGINT 24296
2023-02-06 12:01:15 - SIGINT to 24296 failed - Killing as fallback
2023-02-06 12:01:15 - Stopping process 32188
2023-02-06 12:01:15 - Send SIGINT 32188
2023-02-06 12:01:15 - SIGINT to 32188 failed - Killing as fallback
2023-02-06 12:01:15 - Finished nodedoorsignageserver.exe
2023-02-06 12:01:17 - Starting C:\Program Files\nodejs\node.exe  --harmony E:\Aly\api_server\node_modules\node-windows\lib\wrapper.js --file E:\Aly\api_server\bin\www --scriptoptions= --log "nodeDoorSignageServer wrapper" --grow 0.25 --wait 1 --maxrestarts 3 --abortonerror n --stopparentfirst undefined
2023-02-06 12:01:17 - Started 38020
2023-02-06 12:01:38 - Stopping nodedoorsignageserver.exe
2023-02-06 12:01:38 - ProcessKill 38020
2023-02-06 12:01:40 - Found child process: 41024 Name: conhost.exe
2023-02-06 12:01:40 - Found child process: 37660 Name: node.exe
2023-02-06 12:01:41 - Stopping process 41024
2023-02-06 12:01:41 - Send SIGINT 41024
2023-02-06 12:01:41 - SIGINT to 41024 failed - Killing as fallback
2023-02-06 12:01:43 - Stopping process 37660
2023-02-06 12:01:43 - Send SIGINT 37660
2023-02-06 12:01:43 - SIGINT to 37660 failed - Killing as fallback
2023-02-06 12:01:43 - Stopping process 38020
2023-02-06 12:01:43 - Send SIGINT 38020
2023-02-06 12:01:43 - SIGINT to 38020 failed - Killing as fallback
2023-02-06 12:01:43 - Finished nodedoorsignageserver.exe
2023-02-06 12:01:45 - Starting C:\Program Files\nodejs\node.exe  --harmony E:\Aly\api_server\node_modules\node-windows\lib\wrapper.js --file E:\Aly\api_server\bin\www --scriptoptions= --log "nodeDoorSignageServer wrapper" --grow 0.25 --wait 1 --maxrestarts 3 --abortonerror n --stopparentfirst undefined
2023-02-06 12:01:45 - Started 36660
2023-02-06 12:06:56 - Stopping nodedoorsignageserver.exe
2023-02-06 12:06:56 - ProcessKill 36660
2023-02-06 12:07:03 - Found child process: 4112 Name: conhost.exe
2023-02-06 12:07:03 - Found child process: 41252 Name: node.exe
2023-02-06 12:07:09 - Stopping process 4112
2023-02-06 12:07:09 - Send SIGINT 4112
2023-02-06 12:07:10 - SIGINT to 4112 failed - Killing as fallback
2023-02-06 12:07:17 - Stopping process 41252
2023-02-06 12:07:17 - Send SIGINT 41252
2023-02-06 12:07:17 - SIGINT to 41252 failed - Killing as fallback
2023-02-06 12:07:17 - Stopping process 36660
2023-02-06 12:07:17 - Send SIGINT 36660
2023-02-06 12:07:17 - SIGINT to 36660 failed - Killing as fallback
2023-02-06 12:07:17 - Finished nodedoorsignageserver.exe
2023-02-06 12:08:05 - Starting C:\Program Files\nodejs\node.exe  --harmony E:\Aly\api_server\node_modules\node-windows\lib\wrapper.js --file E:\Aly\api_server\bin\www --scriptoptions= --log "nodeDoorSignageServer wrapper" --grow 0.25 --wait 1 --maxrestarts 3 --abortonerror n --stopparentfirst undefined
2023-02-06 12:08:06 - Started 41128
2023-02-06 12:18:42 - Stopping nodedoorsignageserver.exe
2023-02-06 12:18:42 - ProcessKill 41128
2023-02-06 12:18:44 - Found child process: 43768 Name: conhost.exe
2023-02-06 12:18:45 - Found child process: 41632 Name: node.exe
2023-02-06 12:18:48 - Stopping process 43768
2023-02-06 12:18:48 - Send SIGINT 43768
2023-02-06 12:18:48 - SIGINT to 43768 failed - Killing as fallback
2023-02-06 12:18:52 - Stopping process 41632
2023-02-06 12:18:52 - Send SIGINT 41632
2023-02-06 12:18:52 - SIGINT to 41632 failed - Killing as fallback
2023-02-06 12:18:52 - Stopping process 41128
2023-02-06 12:18:52 - Send SIGINT 41128
2023-02-06 12:18:52 - SIGINT to 41128 failed - Killing as fallback
2023-02-06 12:18:52 - Finished nodedoorsignageserver.exe
2023-02-06 12:18:53 - Starting C:\Program Files\nodejs\node.exe  --harmony E:\Aly\api_server\node_modules\node-windows\lib\wrapper.js --file E:\Aly\api_server\bin\www --scriptoptions= --log "nodeDoorSignageServer wrapper" --grow 0.25 --wait 1 --maxrestarts 3 --abortonerror n --stopparentfirst undefined
2023-02-06 12:18:53 - Started 43960
2023-02-06 12:31:24 - Stopping nodedoorsignageserver.exe
2023-02-06 12:31:24 - ProcessKill 43960
2023-02-06 12:31:31 - Found child process: 30240 Name: conhost.exe
2023-02-06 12:31:31 - Found child process: 39008 Name: node.exe
2023-02-06 12:31:36 - Stopping process 30240
2023-02-06 12:31:36 - Send SIGINT 30240
2023-02-06 12:31:36 - SIGINT to 30240 failed - Killing as fallback
2023-02-06 12:31:43 - Stopping process 39008
2023-02-06 12:31:43 - Send SIGINT 39008
2023-02-06 12:31:43 - SIGINT to 39008 failed - Killing as fallback
2023-02-06 12:31:43 - Stopping process 43960
2023-02-06 12:31:43 - Send SIGINT 43960
2023-02-06 12:31:43 - SIGINT to 43960 failed - Killing as fallback
2023-02-06 12:31:43 - Finished nodedoorsignageserver.exe
2023-02-06 12:31:47 - Starting C:\Program Files\nodejs\node.exe  --harmony E:\Aly\api_server\node_modules\node-windows\lib\wrapper.js --file E:\Aly\api_server\bin\www --scriptoptions= --log "nodeDoorSignageServer wrapper" --grow 0.25 --wait 1 --maxrestarts 3 --abortonerror n --stopparentfirst undefined
2023-02-06 12:31:47 - Started 44492
2023-02-06 15:09:59 - Stopping nodedoorsignageserver.exe
2023-02-06 15:09:59 - ProcessKill 44492
2023-02-06 15:10:01 - Found child process: 44368 Name: conhost.exe
2023-02-06 15:10:01 - Found child process: 33228 Name: node.exe
2023-02-06 15:10:01 - Stopping process 44368
2023-02-06 15:10:02 - Send SIGINT 44368
2023-02-06 15:10:02 - SIGINT to 44368 failed - Killing as fallback
2023-02-06 15:10:02 - Stopping process 33228
2023-02-06 15:10:03 - Send SIGINT 33228
2023-02-06 15:10:03 - SIGINT to 33228 failed - Killing as fallback
2023-02-06 15:10:03 - Stopping process 44492
2023-02-06 15:10:03 - Send SIGINT 44492
2023-02-06 15:10:03 - SIGINT to 44492 failed - Killing as fallback
2023-02-06 15:10:03 - Finished nodedoorsignageserver.exe
2023-02-06 15:10:03 - Starting C:\Program Files\nodejs\node.exe  --harmony E:\Aly\api_server\node_modules\node-windows\lib\wrapper.js --file E:\Aly\api_server\bin\www --scriptoptions= --log "nodeDoorSignageServer wrapper" --grow 0.25 --wait 1 --maxrestarts 3 --abortonerror n --stopparentfirst undefined
2023-02-06 15:10:03 - Started 70776
2023-02-06 15:10:14 - Stopping nodedoorsignageserver.exe
2023-02-06 15:10:14 - ProcessKill 70776
2023-02-06 15:10:15 - Found child process: 70528 Name: conhost.exe
2023-02-06 15:10:15 - Found child process: 68416 Name: node.exe
2023-02-06 15:10:16 - Stopping process 70528
2023-02-06 15:10:16 - Send SIGINT 70528
2023-02-06 15:10:16 - SIGINT to 70528 failed - Killing as fallback
2023-02-06 15:10:17 - Stopping process 68416
2023-02-06 15:10:17 - Send SIGINT 68416
2023-02-06 15:10:17 - SIGINT to 68416 failed - Killing as fallback
2023-02-06 15:10:17 - Stopping process 70776
2023-02-06 15:10:17 - Send SIGINT 70776
2023-02-06 15:10:17 - SIGINT to 70776 failed - Killing as fallback
2023-02-06 15:10:17 - Finished nodedoorsignageserver.exe
2023-02-06 15:10:18 - Starting C:\Program Files\nodejs\node.exe  --harmony E:\Aly\api_server\node_modules\node-windows\lib\wrapper.js --file E:\Aly\api_server\bin\www --scriptoptions= --log "nodeDoorSignageServer wrapper" --grow 0.25 --wait 1 --maxrestarts 3 --abortonerror n --stopparentfirst undefined
2023-02-06 15:10:18 - Started 71324
2023-02-06 16:17:04 - Stopping nodedoorsignageserver.exe
2023-02-06 16:17:04 - ProcessKill 71324
2023-02-06 16:17:05 - Found child process: 70884 Name: conhost.exe
2023-02-06 16:17:05 - Found child process: 71352 Name: node.exe
2023-02-06 16:17:06 - Stopping process 70884
2023-02-06 16:17:06 - Send SIGINT 70884
2023-02-06 16:17:06 - SIGINT to 70884 failed - Killing as fallback
2023-02-06 16:17:07 - Stopping process 71352
2023-02-06 16:17:07 - Send SIGINT 71352
2023-02-06 16:17:07 - SIGINT to 71352 failed - Killing as fallback
2023-02-06 16:17:07 - Stopping process 71324
2023-02-06 16:17:07 - Send SIGINT 71324
2023-02-06 16:17:07 - SIGINT to 71324 failed - Killing as fallback
2023-02-06 16:17:07 - Finished nodedoorsignageserver.exe
2023-02-06 17:40:40 - Starting C:\Program Files\nodejs\node.exe  --harmony E:\Aly\api_server\node_modules\node-windows\lib\wrapper.js --file E:\Aly\api_server\bin\www --scriptoptions= --log "nodeDoorSignageServer wrapper" --grow 0.25 --wait 1 --maxrestarts 3 --abortonerror n --stopparentfirst undefined
2023-02-06 17:40:40 - Started 93828
2023-02-06 17:41:46 - Stopping nodedoorsignageserver.exe
2023-02-06 17:41:46 - ProcessKill 93828
2023-02-06 17:41:47 - Found child process: 88700 Name: conhost.exe
2023-02-06 17:41:47 - Found child process: 99040 Name: node.exe
2023-02-06 17:41:48 - Stopping process 88700
2023-02-06 17:41:48 - Send SIGINT 88700
2023-02-06 17:41:48 - SIGINT to 88700 failed - Killing as fallback
2023-02-06 17:41:49 - Stopping process 99040
2023-02-06 17:41:49 - Send SIGINT 99040
2023-02-06 17:41:49 - SIGINT to 99040 failed - Killing as fallback
2023-02-06 17:41:49 - Stopping process 93828
2023-02-06 17:41:49 - Send SIGINT 93828
2023-02-06 17:41:49 - SIGINT to 93828 failed - Killing as fallback
2023-02-06 17:41:49 - Finished nodedoorsignageserver.exe
2023-02-07 11:23:25 - Starting C:\Program Files\nodejs\node.exe  --harmony E:\Aly\api_server\node_modules\node-windows\lib\wrapper.js --file E:\Aly\api_server\bin\www --scriptoptions= --log "nodeDoorSignageServer wrapper" --grow 0.25 --wait 1 --maxrestarts 3 --abortonerror n --stopparentfirst undefined
2023-02-07 11:23:25 - Started 297664
2023-02-07 12:13:58 - Stopping nodedoorsignageserver.exe
2023-02-07 12:13:58 - ProcessKill 297664
2023-02-07 12:14:06 - Found child process: 301592 Name: conhost.exe
2023-02-07 12:14:06 - Found child process: 302172 Name: node.exe
2023-02-07 12:14:12 - Stopping process 301592
2023-02-07 12:14:12 - Send SIGINT 301592
2023-02-07 12:14:12 - SIGINT to 301592 failed - Killing as fallback
2023-02-07 12:14:19 - Stopping process 302172
2023-02-07 12:14:19 - Send SIGINT 302172
2023-02-07 12:14:19 - SIGINT to 302172 failed - Killing as fallback
2023-02-07 12:14:19 - Stopping process 297664
2023-02-07 12:14:20 - Send SIGINT 297664
2023-02-07 12:14:20 - SIGINT to 297664 failed - Killing as fallback
2023-02-07 12:14:20 - Finished nodedoorsignageserver.exe
2023-02-19 15:57:14 - Starting C:\Program Files\nodejs\node.exe  --harmony E:\Aly\api_server\node_modules\node-windows\lib\wrapper.js --file E:\Aly\api_server\bin\www --scriptoptions= --log "nodeDoorSignageServer wrapper" --grow 0.25 --wait 1 --maxrestarts 3 --abortonerror n --stopparentfirst undefined
2023-02-19 15:57:15 - Started 2500400
2023-02-19 15:59:20 - Stopping nodedoorsignageserver.exe
2023-02-19 15:59:20 - ProcessKill 2500400
2023-02-19 15:59:39 - Found child process: 2504624 Name: conhost.exe
2023-02-19 15:59:39 - Found child process: 2495064 Name: node.exe
2023-02-19 15:59:50 - Stopping process 2504624
2023-02-19 15:59:52 - Send SIGINT 2504624
2023-02-19 15:59:52 - SIGINT to 2504624 failed - Killing as fallback
2023-02-19 16:00:10 - Stopping process 2495064
2023-02-19 16:00:13 - Send SIGINT 2495064
2023-02-19 16:00:13 - SIGINT to 2495064 failed - Killing as fallback
2023-02-19 16:00:13 - Stopping process 2500400
2023-02-19 16:00:18 - Send SIGINT 2500400
2023-02-19 16:00:18 - SIGINT to 2500400 failed - Killing as fallback
2023-02-19 16:00:18 - Finished nodedoorsignageserver.exe
2023-02-19 16:03:49 - Starting C:\Program Files\nodejs\node.exe  --harmony E:\Aly\api_server\node_modules\node-windows\lib\wrapper.js --file E:\Aly\api_server\bin\www --scriptoptions= --log "nodeDoorSignageServer wrapper" --grow 0.25 --wait 1 --maxrestarts 3 --abortonerror n --stopparentfirst undefined
2023-02-19 16:03:50 - Started 2499028
2023-02-19 16:07:19 - Stopping nodedoorsignageserver.exe
2023-02-19 16:07:19 - ProcessKill 2499028
2023-02-19 16:07:43 - Found child process: 2500496 Name: conhost.exe
2023-02-19 16:07:43 - Found child process: 2500044 Name: node.exe
2023-02-19 16:08:14 - Stopping process 2500496
2023-02-19 16:08:15 - Send SIGINT 2500496
2023-02-19 16:08:15 - SIGINT to 2500496 failed - Killing as fallback
2023-02-19 16:08:42 - Stopping process 2500044
2023-02-19 16:08:42 - Send SIGINT 2500044
2023-02-19 16:08:42 - SIGINT to 2500044 failed - Killing as fallback
2023-02-19 16:08:42 - Stopping process 2499028
2023-02-19 16:08:43 - Send SIGINT 2499028
2023-02-19 16:08:43 - SIGINT to 2499028 failed - Killing as fallback
2023-02-19 16:08:43 - Finished nodedoorsignageserver.exe
2023-02-19 16:11:32 - Starting C:\Program Files\nodejs\node.exe  --harmony E:\Aly\api_server\node_modules\node-windows\lib\wrapper.js --file E:\Aly\api_server\bin\www --scriptoptions= --log "nodeDoorSignageServer wrapper" --grow 0.25 --wait 1 --maxrestarts 3 --abortonerror n --stopparentfirst undefined
2023-02-19 16:11:32 - Started 16084
2023-02-25 20:42:14 - Starting C:\Program Files\nodejs\node.exe  --harmony E:\Aly\api_server\node_modules\node-windows\lib\wrapper.js --file E:\Aly\api_server\bin\www --scriptoptions= --log "nodeDoorSignageServer wrapper" --grow 0.25 --wait 1 --maxrestarts 3 --abortonerror n --stopparentfirst undefined
2023-02-25 20:42:16 - Started 5884
2023-02-26 14:07:39 - Stopping nodedoorsignageserver.exe
2023-02-26 14:07:39 - ProcessKill 5884
2023-02-26 14:07:40 - Found child process: 5896 Name: conhost.exe
2023-02-26 14:07:41 - Found child process: 6576 Name: node.exe
2023-02-26 14:07:41 - Stopping process 5896
2023-02-26 14:07:41 - Send SIGINT 5896
2023-02-26 14:07:41 - SIGINT to 5896 failed - Killing as fallback
2023-02-26 14:07:42 - Stopping process 6576
2023-02-26 14:07:42 - Send SIGINT 6576
2023-02-26 14:07:42 - SIGINT to 6576 failed - Killing as fallback
2023-02-26 14:07:42 - Stopping process 5884
2023-02-26 14:07:42 - Send SIGINT 5884
2023-02-26 14:07:42 - SIGINT to 5884 failed - Killing as fallback
2023-02-26 14:07:42 - Finished nodedoorsignageserver.exe
2023-02-26 14:07:46 - Starting C:\Program Files\nodejs\node.exe  --harmony E:\Aly\api_server\node_modules\node-windows\lib\wrapper.js --file E:\Aly\api_server\bin\www --scriptoptions= --log "nodeDoorSignageServer wrapper" --grow 0.25 --wait 1 --maxrestarts 3 --abortonerror n --stopparentfirst undefined
2023-02-26 14:07:46 - Started 13084
2023-02-27 10:33:08 - Stopping nodedoorsignageserver.exe
2023-02-27 10:33:08 - ProcessKill 13084
2023-02-27 10:33:09 - Found child process: 15236 Name: conhost.exe
2023-02-27 10:33:09 - Found child process: 11828 Name: node.exe
2023-02-27 10:33:10 - Stopping process 15236
2023-02-27 10:33:10 - Send SIGINT 15236
2023-02-27 10:33:10 - SIGINT to 15236 failed - Killing as fallback
2023-02-27 10:33:11 - Stopping process 11828
2023-02-27 10:33:11 - Send SIGINT 11828
2023-02-27 10:33:11 - SIGINT to 11828 failed - Killing as fallback
2023-02-27 10:33:11 - Stopping process 13084
2023-02-27 10:33:11 - Send SIGINT 13084
2023-02-27 10:33:11 - SIGINT to 13084 failed - Killing as fallback
2023-02-27 10:33:11 - Finished nodedoorsignageserver.exe
2023-02-27 10:33:12 - Starting C:\Program Files\nodejs\node.exe  --harmony E:\Aly\api_server\node_modules\node-windows\lib\wrapper.js --file E:\Aly\api_server\bin\www --scriptoptions= --log "nodeDoorSignageServer wrapper" --grow 0.25 --wait 1 --maxrestarts 3 --abortonerror n --stopparentfirst undefined
2023-02-27 10:33:12 - Started 15004
2023-02-27 11:27:39 - Stopping nodedoorsignageserver.exe
2023-02-27 11:27:39 - ProcessKill 15004
2023-02-27 11:27:40 - Found child process: 12164 Name: conhost.exe
2023-02-27 11:27:40 - Found child process: 5200 Name: node.exe
2023-02-27 11:27:40 - Stopping process 12164
2023-02-27 11:27:40 - Send SIGINT 12164
2023-02-27 11:27:40 - SIGINT to 12164 failed - Killing as fallback
2023-02-27 11:27:40 - Stopping process 5200
2023-02-27 11:27:40 - Send SIGINT 5200
2023-02-27 11:27:40 - SIGINT to 5200 failed - Killing as fallback
2023-02-27 11:27:40 - Stopping process 15004
2023-02-27 11:27:41 - Send SIGINT 15004
2023-02-27 11:27:41 - SIGINT to 15004 failed - Killing as fallback
2023-02-27 11:27:41 - Finished nodedoorsignageserver.exe
2023-02-27 11:27:41 - Starting C:\Program Files\nodejs\node.exe  --harmony E:\Aly\api_server\node_modules\node-windows\lib\wrapper.js --file E:\Aly\api_server\bin\www --scriptoptions= --log "nodeDoorSignageServer wrapper" --grow 0.25 --wait 1 --maxrestarts 3 --abortonerror n --stopparentfirst undefined
2023-02-27 11:27:41 - Started 4992
2023-02-27 11:27:58 - Stopping nodedoorsignageserver.exe
2023-02-27 11:27:58 - ProcessKill 4992
2023-02-27 11:27:59 - Found child process: 6756 Name: conhost.exe
2023-02-27 11:27:59 - Found child process: 14984 Name: node.exe
2023-02-27 11:28:00 - Stopping process 6756
2023-02-27 11:28:00 - Send SIGINT 6756
2023-02-27 11:28:00 - SIGINT to 6756 failed - Killing as fallback
2023-02-27 11:28:00 - Stopping process 14984
2023-02-27 11:28:00 - Send SIGINT 14984
2023-02-27 11:28:00 - SIGINT to 14984 failed - Killing as fallback
2023-02-27 11:28:00 - Stopping process 4992
2023-02-27 11:28:00 - Send SIGINT 4992
2023-02-27 11:28:00 - SIGINT to 4992 failed - Killing as fallback
2023-02-27 11:28:00 - Finished nodedoorsignageserver.exe
2023-02-27 11:28:01 - Starting C:\Program Files\nodejs\node.exe  --harmony E:\Aly\api_server\node_modules\node-windows\lib\wrapper.js --file E:\Aly\api_server\bin\www --scriptoptions= --log "nodeDoorSignageServer wrapper" --grow 0.25 --wait 1 --maxrestarts 3 --abortonerror n --stopparentfirst undefined
2023-02-27 11:28:01 - Started 2524
2023-02-27 11:31:41 - Stopping nodedoorsignageserver.exe
2023-02-27 11:31:41 - ProcessKill 2524
2023-02-27 11:31:42 - Found child process: 14944 Name: conhost.exe
2023-02-27 11:31:42 - Found child process: 13808 Name: node.exe
2023-02-27 11:31:42 - Stopping process 14944
2023-02-27 11:31:42 - Send SIGINT 14944
2023-02-27 11:31:42 - SIGINT to 14944 failed - Killing as fallback
2023-02-27 11:31:43 - Stopping process 13808
2023-02-27 11:31:43 - Send SIGINT 13808
2023-02-27 11:31:43 - SIGINT to 13808 failed - Killing as fallback
2023-02-27 11:31:43 - Stopping process 2524
2023-02-27 11:31:43 - Send SIGINT 2524
2023-02-27 11:31:43 - SIGINT to 2524 failed - Killing as fallback
2023-02-27 11:31:43 - Finished nodedoorsignageserver.exe
2023-02-27 11:31:45 - Starting C:\Program Files\nodejs\node.exe  --harmony E:\Aly\api_server\node_modules\node-windows\lib\wrapper.js --file E:\Aly\api_server\bin\www --scriptoptions= --log "nodeDoorSignageServer wrapper" --grow 0.25 --wait 1 --maxrestarts 3 --abortonerror n --stopparentfirst undefined
2023-02-27 11:31:45 - Started 13508
2023-02-27 14:47:08 - Stopping nodedoorsignageserver.exe
2023-02-27 14:47:08 - ProcessKill 13508
2023-02-27 14:47:09 - Found child process: 11100 Name: conhost.exe
2023-02-27 14:47:09 - Found child process: 11948 Name: node.exe
2023-02-27 14:47:09 - Stopping process 11100
2023-02-27 14:47:09 - Send SIGINT 11100
2023-02-27 14:47:09 - SIGINT to 11100 failed - Killing as fallback
2023-02-27 14:47:10 - Stopping process 11948
2023-02-27 14:47:10 - Send SIGINT 11948
2023-02-27 14:47:10 - SIGINT to 11948 failed - Killing as fallback
2023-02-27 14:47:10 - Stopping process 13508
2023-02-27 14:47:10 - Send SIGINT 13508
2023-02-27 14:47:10 - SIGINT to 13508 failed - Killing as fallback
2023-02-27 14:47:10 - Finished nodedoorsignageserver.exe
2023-02-27 14:47:10 - Starting C:\Program Files\nodejs\node.exe  --harmony E:\Aly\api_server\node_modules\node-windows\lib\wrapper.js --file E:\Aly\api_server\bin\www --scriptoptions= --log "nodeDoorSignageServer wrapper" --grow 0.25 --wait 1 --maxrestarts 3 --abortonerror n --stopparentfirst undefined
2023-02-27 14:47:10 - Started 14740
2023-03-08 15:26:11 - Stopping nodedoorsignageserver.exe
2023-03-08 15:26:11 - ProcessKill 14740
2023-03-08 15:26:20 - Shutdown exception
Message:Retrieving the COM class factory for component with CLSID {4590F811-1D3A-11D0-891F-00AA004B2E24} failed due to the following error: 80070013.
Stacktrace:   at System.Management.ManagementScope.InitializeGuts(Object o)
   at System.Management.ManagementScope.Initialize()
   at System.Management.ManagementObjectSearcher.Initialize()
   at System.Management.ManagementObjectSearcher.Get()
   at winsw.WrapperService.GetChildPids(Int32 pid)
   at winsw.WrapperService.StopProcessAndChildren(Int32 pid)
   at winsw.WrapperService.StopIt()
   at winsw.WrapperService.OnShutdown()
2023-03-08 15:28:56 - Starting C:\Program Files\nodejs\node.exe  --harmony E:\Aly\api_server\node_modules\node-windows\lib\wrapper.js --file E:\Aly\api_server\bin\www --scriptoptions= --log "nodeDoorSignageServer wrapper" --grow 0.25 --wait 1 --maxrestarts 3 --abortonerror n --stopparentfirst undefined
2023-03-08 15:28:56 - Started 5832
2023-03-09 14:29:21 - Stopping nodedoorsignageserver.exe
2023-03-09 14:29:21 - ProcessKill 5832
2023-03-09 14:29:22 - Found child process: 5844 Name: conhost.exe
2023-03-09 14:29:22 - Found child process: 6808 Name: node.exe
2023-03-09 14:29:23 - Stopping process 5844
2023-03-09 14:29:23 - Send SIGINT 5844
2023-03-09 14:29:23 - SIGINT to 5844 failed - Killing as fallback
2023-03-09 14:29:24 - Stopping process 6808
2023-03-09 14:29:24 - Send SIGINT 6808
2023-03-09 14:29:24 - SIGINT to 6808 failed - Killing as fallback
2023-03-09 14:29:24 - Stopping process 5832
2023-03-09 14:29:24 - Send SIGINT 5832
2023-03-09 14:29:24 - SIGINT to 5832 failed - Killing as fallback
2023-03-09 14:29:24 - Finished nodedoorsignageserver.exe
2023-03-09 14:29:27 - Starting C:\Program Files\nodejs\node.exe  --harmony E:\Aly\api_server\node_modules\node-windows\lib\wrapper.js --file E:\Aly\api_server\bin\www --scriptoptions= --log "nodeDoorSignageServer wrapper" --grow 0.25 --wait 1 --maxrestarts 3 --abortonerror n --stopparentfirst undefined
2023-03-09 14:29:27 - Started 13548
2023-03-09 15:10:17 - Stopping nodedoorsignageserver.exe
2023-03-09 15:10:17 - ProcessKill 13548
2023-03-09 15:10:18 - Found child process: 13232 Name: conhost.exe
2023-03-09 15:10:18 - Found child process: 9992 Name: node.exe
2023-03-09 15:10:18 - Stopping process 13232
2023-03-09 15:10:18 - Send SIGINT 13232
2023-03-09 15:10:18 - SIGINT to 13232 failed - Killing as fallback
2023-03-09 15:10:19 - Stopping process 9992
2023-03-09 15:10:19 - Send SIGINT 9992
2023-03-09 15:10:19 - SIGINT to 9992 failed - Killing as fallback
2023-03-09 15:10:19 - Stopping process 13548
2023-03-09 15:10:19 - Send SIGINT 13548
2023-03-09 15:10:19 - SIGINT to 13548 failed - Killing as fallback
2023-03-09 15:10:19 - Finished nodedoorsignageserver.exe
2023-03-09 15:10:41 - Starting C:\Program Files\nodejs\node.exe  --harmony E:\Aly\api_server\node_modules\node-windows\lib\wrapper.js --file E:\Aly\api_server\bin\www --scriptoptions= --log "nodeDoorSignageServer wrapper" --grow 0.25 --wait 1 --maxrestarts 3 --abortonerror n --stopparentfirst undefined
2023-03-09 15:10:41 - Started 12160
2023-03-09 16:06:32 - Stopping nodedoorsignageserver.exe
2023-03-09 16:06:32 - ProcessKill 12160
2023-03-09 16:06:34 - Found child process: 15612 Name: conhost.exe
2023-03-09 16:06:34 - Found child process: 14824 Name: node.exe
2023-03-09 16:06:38 - Stopping process 15612
2023-03-09 16:06:38 - Send SIGINT 15612
2023-03-09 16:06:38 - SIGINT to 15612 failed - Killing as fallback
2023-03-09 16:06:39 - Stopping process 14824
2023-03-09 16:06:39 - Send SIGINT 14824
2023-03-09 16:06:39 - SIGINT to 14824 failed - Killing as fallback
2023-03-09 16:06:39 - Stopping process 12160
2023-03-09 16:06:39 - Send SIGINT 12160
2023-03-09 16:06:40 - SIGINT to 12160 failed - Killing as fallback
2023-03-09 16:06:40 - Finished nodedoorsignageserver.exe
2023-03-09 16:06:40 - Starting C:\Program Files\nodejs\node.exe  --harmony E:\Aly\api_server\node_modules\node-windows\lib\wrapper.js --file E:\Aly\api_server\bin\www --scriptoptions= --log "nodeDoorSignageServer wrapper" --grow 0.25 --wait 1 --maxrestarts 3 --abortonerror n --stopparentfirst undefined
2023-03-09 16:06:40 - Started 12972
2023-03-09 16:11:11 - Stopping nodedoorsignageserver.exe
2023-03-09 16:11:11 - ProcessKill 12972
2023-03-09 16:11:12 - Found child process: 9292 Name: conhost.exe
2023-03-09 16:11:12 - Found child process: 11452 Name: node.exe
2023-03-09 16:11:13 - Stopping process 9292
2023-03-09 16:11:13 - Send SIGINT 9292
2023-03-09 16:11:13 - SIGINT to 9292 failed - Killing as fallback
2023-03-09 16:11:13 - Stopping process 11452
2023-03-09 16:11:13 - Send SIGINT 11452
2023-03-09 16:11:13 - SIGINT to 11452 failed - Killing as fallback
2023-03-09 16:11:13 - Stopping process 12972
2023-03-09 16:11:13 - Send SIGINT 12972
2023-03-09 16:11:13 - SIGINT to 12972 failed - Killing as fallback
2023-03-09 16:11:13 - Finished nodedoorsignageserver.exe
2023-03-09 16:11:14 - Starting C:\Program Files\nodejs\node.exe  --harmony E:\Aly\api_server\node_modules\node-windows\lib\wrapper.js --file E:\Aly\api_server\bin\www --scriptoptions= --log "nodeDoorSignageServer wrapper" --grow 0.25 --wait 1 --maxrestarts 3 --abortonerror n --stopparentfirst undefined
2023-03-09 16:11:14 - Started 13884
2023-03-09 16:50:37 - Stopping nodedoorsignageserver.exe
2023-03-09 16:50:37 - ProcessKill 13884
2023-03-09 16:50:38 - Found child process: 6060 Name: conhost.exe
2023-03-09 16:50:38 - Found child process: 11048 Name: node.exe
2023-03-09 16:50:38 - Stopping process 6060
2023-03-09 16:50:38 - Send SIGINT 6060
2023-03-09 16:50:38 - SIGINT to 6060 failed - Killing as fallback
2023-03-09 16:50:39 - Stopping process 11048
2023-03-09 16:50:39 - Send SIGINT 11048
2023-03-09 16:50:39 - SIGINT to 11048 failed - Killing as fallback
2023-03-09 16:50:39 - Stopping process 13884
2023-03-09 16:50:39 - Send SIGINT 13884
2023-03-09 16:50:39 - SIGINT to 13884 failed - Killing as fallback
2023-03-09 16:50:39 - Finished nodedoorsignageserver.exe
2023-03-09 16:51:09 - Starting C:\Program Files\nodejs\node.exe  --harmony E:\Aly\api_server\node_modules\node-windows\lib\wrapper.js --file E:\Aly\api_server\bin\www --scriptoptions= --log "nodeDoorSignageServer wrapper" --grow 0.25 --wait 1 --maxrestarts 3 --abortonerror n --stopparentfirst undefined
2023-03-09 16:51:09 - Started 14532
2023-03-09 17:26:28 - Stopping nodedoorsignageserver.exe
2023-03-09 17:26:28 - ProcessKill 14532
2023-03-09 17:26:29 - Found child process: 12184 Name: conhost.exe
2023-03-09 17:26:29 - Found child process: 14316 Name: node.exe
2023-03-09 17:26:30 - Stopping process 12184
2023-03-09 17:26:30 - Send SIGINT 12184
2023-03-09 17:26:30 - SIGINT to 12184 failed - Killing as fallback
2023-03-09 17:26:31 - Stopping process 14316
2023-03-09 17:26:31 - Send SIGINT 14316
2023-03-09 17:26:31 - SIGINT to 14316 failed - Killing as fallback
2023-03-09 17:26:31 - Stopping process 14532
2023-03-09 17:26:31 - Send SIGINT 14532
2023-03-09 17:26:31 - SIGINT to 14532 failed - Killing as fallback
2023-03-09 17:26:31 - Finished nodedoorsignageserver.exe
2023-03-09 17:26:31 - Starting C:\Program Files\nodejs\node.exe  --harmony E:\Aly\api_server\node_modules\node-windows\lib\wrapper.js --file E:\Aly\api_server\bin\www --scriptoptions= --log "nodeDoorSignageServer wrapper" --grow 0.25 --wait 1 --maxrestarts 3 --abortonerror n --stopparentfirst undefined
2023-03-09 17:26:31 - Started 16244
2023-03-12 11:10:22 - Stopping nodedoorsignageserver.exe
2023-03-12 11:10:22 - ProcessKill 16244
2023-03-12 11:10:23 - Found child process: 1500 Name: conhost.exe
2023-03-12 11:10:23 - Found child process: 15868 Name: node.exe
2023-03-12 11:10:24 - Stopping process 1500
2023-03-12 11:10:24 - Send SIGINT 1500
2023-03-12 11:10:24 - SIGINT to 1500 failed - Killing as fallback
2023-03-12 11:10:25 - Stopping process 15868
2023-03-12 11:10:25 - Send SIGINT 15868
2023-03-12 11:10:25 - SIGINT to 15868 failed - Killing as fallback
2023-03-12 11:10:25 - Stopping process 16244
2023-03-12 11:10:25 - Send SIGINT 16244
2023-03-12 11:10:25 - SIGINT to 16244 failed - Killing as fallback
2023-03-12 11:10:25 - Finished nodedoorsignageserver.exe
2023-03-12 11:10:26 - Starting C:\Program Files\nodejs\node.exe  --harmony E:\Aly\api_server\node_modules\node-windows\lib\wrapper.js --file E:\Aly\api_server\bin\www --scriptoptions= --log "nodeDoorSignageServer wrapper" --grow 0.25 --wait 1 --maxrestarts 3 --abortonerror n --stopparentfirst undefined
2023-03-12 11:10:26 - Started 12316
2023-03-12 11:44:13 - Stopping nodedoorsignageserver.exe
2023-03-12 11:44:13 - ProcessKill 12316
2023-03-12 11:44:14 - Found child process: 14304 Name: conhost.exe
2023-03-12 11:44:14 - Found child process: 164 Name: node.exe
2023-03-12 11:44:15 - Stopping process 14304
2023-03-12 11:44:15 - Send SIGINT 14304
2023-03-12 11:44:15 - SIGINT to 14304 failed - Killing as fallback
2023-03-12 11:44:16 - Stopping process 164
2023-03-12 11:44:16 - Send SIGINT 164
2023-03-12 11:44:16 - SIGINT to 164 failed - Killing as fallback
2023-03-12 11:44:16 - Stopping process 12316
2023-03-12 11:44:16 - Send SIGINT 12316
2023-03-12 11:44:16 - SIGINT to 12316 failed - Killing as fallback
2023-03-12 11:44:16 - Finished nodedoorsignageserver.exe
2023-03-12 11:44:16 - Starting C:\Program Files\nodejs\node.exe  --harmony E:\Aly\api_server\node_modules\node-windows\lib\wrapper.js --file E:\Aly\api_server\bin\www --scriptoptions= --log "nodeDoorSignageServer wrapper" --grow 0.25 --wait 1 --maxrestarts 3 --abortonerror n --stopparentfirst undefined
2023-03-12 11:44:16 - Started 15832
2023-03-12 11:45:24 - Stopping nodedoorsignageserver.exe
2023-03-12 11:45:24 - ProcessKill 15832
2023-03-12 11:45:25 - Found child process: 11664 Name: conhost.exe
2023-03-12 11:45:25 - Found child process: 12280 Name: node.exe
2023-03-12 11:45:25 - Stopping process 11664
2023-03-12 11:45:25 - Send SIGINT 11664
2023-03-12 11:45:25 - SIGINT to 11664 failed - Killing as fallback
2023-03-12 11:45:26 - Stopping process 12280
2023-03-12 11:45:26 - Send SIGINT 12280
2023-03-12 11:45:26 - SIGINT to 12280 failed - Killing as fallback
2023-03-12 11:45:26 - Stopping process 15832
2023-03-12 11:45:26 - Send SIGINT 15832
2023-03-12 11:45:26 - SIGINT to 15832 failed - Killing as fallback
2023-03-12 11:45:26 - Finished nodedoorsignageserver.exe
2023-03-12 11:45:27 - Starting C:\Program Files\nodejs\node.exe  --harmony E:\Aly\api_server\node_modules\node-windows\lib\wrapper.js --file E:\Aly\api_server\bin\www --scriptoptions= --log "nodeDoorSignageServer wrapper" --grow 0.25 --wait 1 --maxrestarts 3 --abortonerror n --stopparentfirst undefined
2023-03-12 11:45:27 - Started 14644
2023-03-12 11:45:54 - Stopping nodedoorsignageserver.exe
2023-03-12 11:45:54 - ProcessKill 14644
2023-03-12 11:45:55 - Found child process: 15404 Name: conhost.exe
2023-03-12 11:45:55 - Found child process: 17192 Name: node.exe
2023-03-12 11:45:55 - Stopping process 15404
2023-03-12 11:45:55 - Send SIGINT 15404
2023-03-12 11:45:55 - SIGINT to 15404 failed - Killing as fallback
2023-03-12 11:45:56 - Stopping process 17192
2023-03-12 11:45:56 - Send SIGINT 17192
2023-03-12 11:45:56 - SIGINT to 17192 failed - Killing as fallback
2023-03-12 11:45:56 - Stopping process 14644
2023-03-12 11:45:56 - Send SIGINT 14644
2023-03-12 11:45:56 - SIGINT to 14644 failed - Killing as fallback
2023-03-12 11:45:56 - Finished nodedoorsignageserver.exe
2023-03-12 11:45:57 - Starting C:\Program Files\nodejs\node.exe  --harmony E:\Aly\api_server\node_modules\node-windows\lib\wrapper.js --file E:\Aly\api_server\bin\www --scriptoptions= --log "nodeDoorSignageServer wrapper" --grow 0.25 --wait 1 --maxrestarts 3 --abortonerror n --stopparentfirst undefined
2023-03-12 11:45:57 - Started 4536
2023-03-12 11:47:41 - Stopping nodedoorsignageserver.exe
2023-03-12 11:47:41 - ProcessKill 4536
2023-03-12 11:47:42 - Found child process: 16828 Name: conhost.exe
2023-03-12 11:47:42 - Found child process: 16072 Name: node.exe
2023-03-12 11:47:43 - Stopping process 16828
2023-03-12 11:47:43 - Send SIGINT 16828
2023-03-12 11:47:43 - SIGINT to 16828 failed - Killing as fallback
2023-03-12 11:47:43 - Stopping process 16072
2023-03-12 11:47:43 - Send SIGINT 16072
2023-03-12 11:47:43 - SIGINT to 16072 failed - Killing as fallback
2023-03-12 11:47:43 - Stopping process 4536
2023-03-12 11:47:43 - Send SIGINT 4536
2023-03-12 11:47:43 - SIGINT to 4536 failed - Killing as fallback
2023-03-12 11:47:43 - Finished nodedoorsignageserver.exe
2023-03-12 11:47:44 - Starting C:\Program Files\nodejs\node.exe  --harmony E:\Aly\api_server\node_modules\node-windows\lib\wrapper.js --file E:\Aly\api_server\bin\www --scriptoptions= --log "nodeDoorSignageServer wrapper" --grow 0.25 --wait 1 --maxrestarts 3 --abortonerror n --stopparentfirst undefined
2023-03-12 11:47:44 - Started 10904
2023-03-12 13:23:13 - Stopping nodedoorsignageserver.exe
2023-03-12 13:23:13 - ProcessKill 10904
2023-03-12 13:23:14 - Found child process: 15096 Name: conhost.exe
2023-03-12 13:23:14 - Found child process: 8520 Name: node.exe
2023-03-12 13:23:14 - Stopping process 15096
2023-03-12 13:23:14 - Send SIGINT 15096
2023-03-12 13:23:14 - SIGINT to 15096 failed - Killing as fallback
2023-03-12 13:23:15 - Stopping process 8520
2023-03-12 13:23:15 - Send SIGINT 8520
2023-03-12 13:23:15 - SIGINT to 8520 failed - Killing as fallback
2023-03-12 13:23:15 - Stopping process 10904
2023-03-12 13:23:15 - Send SIGINT 10904
2023-03-12 13:23:15 - SIGINT to 10904 failed - Killing as fallback
2023-03-12 13:23:15 - Finished nodedoorsignageserver.exe
2023-03-12 13:23:16 - Starting C:\Program Files\nodejs\node.exe  --harmony E:\Aly\api_server\node_modules\node-windows\lib\wrapper.js --file E:\Aly\api_server\bin\www --scriptoptions= --log "nodeDoorSignageServer wrapper" --grow 0.25 --wait 1 --maxrestarts 3 --abortonerror n --stopparentfirst undefined
2023-03-12 13:23:16 - Started 10140
2023-03-12 13:23:43 - Stopping nodedoorsignageserver.exe
2023-03-12 13:23:43 - ProcessKill 10140
2023-03-12 13:23:43 - Found child process: 15524 Name: conhost.exe
2023-03-12 13:23:43 - Found child process: 12044 Name: node.exe
2023-03-12 13:23:44 - Stopping process 15524
2023-03-12 13:23:44 - Send SIGINT 15524
2023-03-12 13:23:44 - SIGINT to 15524 failed - Killing as fallback
2023-03-12 13:23:45 - Stopping process 12044
2023-03-12 13:23:45 - Send SIGINT 12044
2023-03-12 13:23:45 - SIGINT to 12044 failed - Killing as fallback
2023-03-12 13:23:45 - Stopping process 10140
2023-03-12 13:23:45 - Send SIGINT 10140
2023-03-12 13:23:45 - SIGINT to 10140 failed - Killing as fallback
2023-03-12 13:23:45 - Finished nodedoorsignageserver.exe
2023-03-12 13:23:46 - Starting C:\Program Files\nodejs\node.exe  --harmony E:\Aly\api_server\node_modules\node-windows\lib\wrapper.js --file E:\Aly\api_server\bin\www --scriptoptions= --log "nodeDoorSignageServer wrapper" --grow 0.25 --wait 1 --maxrestarts 3 --abortonerror n --stopparentfirst undefined
2023-03-12 13:23:46 - Started 12380
